<?xml version="1.0" encoding="UTF-8"?>
<!-- Generated by org.testng.reporters.JUnitReportReporter -->
<testsuite skipped="0" hostname="Tarun-PC" name="Flightbooking.flightbooking" tests="1" failures="0" timestamp="26 Sep 2017 20:09:37 GMT" time="295.748" errors="0">
  <testcase name="booktickets" time="295.748" classname="Flightbooking.flightbooking"/>
</testsuite> <!-- Flightbooking.flightbooking -->
